Base path: 'E:/UNITY/MyUnity/2019.4.23f1/Editor/Data', plugins path 'E:/UNITY/MyUnity/2019.4.23f1/Editor/Data/PlaybackEngines'
Cmd: initializeCompiler
Cmd: disassembleShader
  api=4 insize=2474 outsize=3731 ok=1
Cmd: disassembleShader
  api=4 insize=426 outsize=1166 ok=1
Cmd: preprocessCompute
  insize=6868 outsize=6870 ok=1
Cmd: preprocessCompute
  insize=7896 outsize=7898 ok=1
Cmd: preprocess
  insize=40068 outsize=611 ok=1
Cmd: preprocessCompute
  insize=6789 outsize=6791 ok=1
Cmd: preprocessCompute
  insize=6140 outsize=6142 ok=1
Cmd: preprocess
  insize=41542 outsize=610 ok=1
Cmd: preprocessCompute
  insize=7020 outsize=7022 ok=1
Cmd: preprocess
  insize=42025 outsize=610 ok=1
Cmd: preprocessCompute
  insize=6112 outsize=6114 ok=1
Cmd: preprocessCompute
  insize=6868 outsize=6870 ok=1
Cmd: preprocessCompute
  insize=7896 outsize=7898 ok=1
Cmd: preprocess
  insize=41012 outsize=610 ok=1
Cmd: preprocessCompute
  insize=6789 outsize=6791 ok=1
Cmd: preprocessCompute
  insize=6140 outsize=6142 ok=1
Cmd: preprocess
  insize=41542 outsize=610 ok=1
Cmd: preprocessCompute
  insize=7020 outsize=7022 ok=1
Cmd: preprocess
  insize=42025 outsize=610 ok=1
Cmd: preprocessCompute
  insize=6112 outsize=6114 ok=1
Cmd: preprocessCompute
  insize=6868 outsize=6870 ok=1
Cmd: preprocessCompute
  insize=7896 outsize=7898 ok=1
Cmd: preprocess
  insize=40068 outsize=611 ok=1
Cmd: preprocessCompute
  insize=6789 outsize=6791 ok=1
Cmd: preprocessCompute
  insize=6140 outsize=6142 ok=1
Cmd: preprocess
  insize=41542 outsize=610 ok=1
Cmd: preprocessCompute
  insize=7020 outsize=7022 ok=1
Cmd: preprocess
  insize=42025 outsize=610 ok=1
Cmd: preprocessCompute
  insize=6112 outsize=6114 ok=1
Cmd: preprocessCompute
  insize=6869 outsize=6871 ok=1
Cmd: preprocessCompute
  insize=7932 outsize=7934 ok=1
Cmd: preprocess
  insize=40153 outsize=622 ok=1
Cmd: preprocessCompute
  insize=6789 outsize=6791 ok=1
Cmd: preprocessCompute
  insize=6140 outsize=6142 ok=1
Cmd: preprocess
  insize=41542 outsize=610 ok=1
Cmd: preprocessCompute
  insize=7020 outsize=7022 ok=1
Cmd: preprocess
  insize=42025 outsize=610 ok=1
Cmd: preprocessCompute
  insize=6112 outsize=6114 ok=1
Cmd: preprocessCompute
  insize=1942 outsize=1944 ok=1
Cmd: preprocessCompute
  insize=6869 outsize=6871 ok=1
Cmd: preprocessCompute
  insize=7932 outsize=7934 ok=1
Cmd: preprocess
  insize=40154 outsize=618 ok=1
Cmd: preprocessCompute
  insize=6789 outsize=6791 ok=1
Cmd: preprocessCompute
  insize=6140 outsize=6142 ok=1
Cmd: preprocess
  insize=41542 outsize=610 ok=1
Cmd: preprocessCompute
  insize=7020 outsize=7022 ok=1
Cmd: preprocess
  insize=42025 outsize=610 ok=1
Cmd: preprocessCompute
  insize=6112 outsize=6114 ok=1
Cmd: preprocessCompute
  insize=1942 outsize=1944 ok=1
Cmd: preprocessCompute
  insize=6868 outsize=6870 ok=1
Cmd: preprocessCompute
  insize=7896 outsize=7898 ok=1
Cmd: preprocess
  insize=40004 outsize=581 ok=1
Cmd: preprocessCompute
  insize=6789 outsize=6791 ok=1
Cmd: preprocessCompute
  insize=6140 outsize=6142 ok=1
Cmd: preprocess
  insize=41542 outsize=610 ok=1
Cmd: preprocessCompute
  insize=7020 outsize=7022 ok=1
Cmd: preprocess
  insize=42025 outsize=610 ok=1
Cmd: preprocessCompute
  insize=6112 outsize=6114 ok=1
Cmd: preprocessCompute
  insize=6868 outsize=6870 ok=1
Cmd: preprocessCompute
  insize=7896 outsize=7898 ok=1
Cmd: preprocess
  insize=40068 outsize=611 ok=1
Cmd: preprocessCompute
  insize=6789 outsize=6791 ok=1
Cmd: preprocessCompute
  insize=6140 outsize=6142 ok=1
Cmd: preprocess
  insize=41542 outsize=610 ok=1
Cmd: preprocessCompute
  insize=7020 outsize=7022 ok=1
Cmd: preprocess
  insize=42025 outsize=610 ok=1
Cmd: preprocessCompute
  insize=6112 outsize=6114 ok=1
Cmd: preprocessCompute
  insize=6868 outsize=6870 ok=1
Cmd: preprocessCompute
  insize=7896 outsize=7898 ok=1
Cmd: preprocess
  insize=40068 outsize=611 ok=1
Cmd: preprocessCompute
  insize=6789 outsize=6791 ok=1
Cmd: preprocessCompute
  insize=6140 outsize=6142 ok=1
Cmd: preprocess
  insize=41542 outsize=610 ok=1
Cmd: preprocessCompute
  insize=7020 outsize=7022 ok=1
Cmd: preprocess
  insize=42025 outsize=610 ok=1
Cmd: preprocessCompute
  insize=6112 outsize=6114 ok=1
Cmd: preprocessCompute
  insize=6868 outsize=6870 ok=1
Cmd: preprocessCompute
  insize=7896 outsize=7898 ok=1
Cmd: preprocess
  insize=40068 outsize=611 ok=1
Cmd: preprocessCompute
  insize=6789 outsize=6791 ok=1
Cmd: preprocessCompute
  insize=6140 outsize=6142 ok=1
Cmd: preprocess
  insize=41542 outsize=610 ok=1
Cmd: preprocessCompute
  insize=7020 outsize=7022 ok=1
Cmd: preprocess
  insize=42025 outsize=610 ok=1
Cmd: preprocessCompute
  insize=6112 outsize=6114 ok=1
Cmd: preprocessCompute
  insize=6868 outsize=6870 ok=1
Cmd: preprocessCompute
  insize=7896 outsize=7898 ok=1
Cmd: preprocess
  insize=40808 outsize=610 ok=1
Cmd: preprocessCompute
  insize=6789 outsize=6791 ok=1
Cmd: preprocessCompute
  insize=6140 outsize=6142 ok=1
Cmd: preprocess
  insize=41542 outsize=610 ok=1
Cmd: preprocessCompute
  insize=7020 outsize=7022 ok=1
Cmd: preprocess
  insize=42025 outsize=610 ok=1
Cmd: preprocessCompute
  insize=6112 outsize=6114 ok=1
Cmd: preprocessCompute
  insize=6868 outsize=6870 ok=1
Cmd: preprocessCompute
  insize=7896 outsize=7898 ok=1
Cmd: preprocess
  insize=39885 outsize=610 ok=1
Cmd: preprocessCompute
  insize=6789 outsize=6791 ok=1
Cmd: preprocessCompute
  insize=6140 outsize=6142 ok=1
Cmd: preprocess
  insize=41542 outsize=610 ok=1
Cmd: preprocessCompute
  insize=7020 outsize=7022 ok=1
Cmd: preprocess
  insize=42025 outsize=610 ok=1
Cmd: preprocessCompute
  insize=6112 outsize=6114 ok=1
Cmd: preprocessCompute
  insize=6868 outsize=6870 ok=1
Cmd: preprocessCompute
  insize=7896 outsize=7898 ok=1
Cmd: preprocess
  insize=40268 outsize=611 ok=1
Cmd: preprocessCompute
  insize=6789 outsize=6791 ok=1
Cmd: preprocessCompute
  insize=6140 outsize=6142 ok=1
Cmd: preprocess
  insize=41542 outsize=610 ok=1
Cmd: preprocessCompute
  insize=7020 outsize=7022 ok=1
Cmd: preprocess
  insize=42025 outsize=610 ok=1
Cmd: preprocessCompute
  insize=6112 outsize=6114 ok=1
Cmd: preprocessCompute
  insize=6868 outsize=6870 ok=1
Cmd: preprocessCompute
  insize=7896 outsize=7898 ok=1
Cmd: preprocess
  insize=39798 outsize=610 ok=1
Cmd: preprocessCompute
  insize=6789 outsize=6791 ok=1
Cmd: preprocessCompute
  insize=6140 outsize=6142 ok=1
Cmd: preprocess
  insize=41542 outsize=610 ok=1
Cmd: preprocessCompute
  insize=7020 outsize=7022 ok=1
Cmd: preprocess
  insize=42025 outsize=610 ok=1
Cmd: preprocessCompute
  insize=6112 outsize=6114 ok=1
Cmd: preprocessCompute
  insize=6868 outsize=6870 ok=1
Cmd: compileComputeKernel
  api=4 insize=6870 outsize=2581 ok=1
Cmd: preprocessCompute
  insize=7896 outsize=7898 ok=1
Cmd: compileComputeKernel
  api=4 insize=7898 outsize=2303 ok=1
Cmd: preprocess
  insize=40272 outsize=611 ok=1
Cmd: preprocessCompute
  insize=6788 outsize=6790 ok=1
Cmd: compileComputeKernel
  api=4 insize=6790 outsize=2585 ok=1
Cmd: preprocessCompute
  insize=6140 outsize=6142 ok=1
Cmd: preprocess
  insize=41542 outsize=610 ok=1
Cmd: preprocessCompute
  insize=7019 outsize=7021 ok=1
Cmd: compileComputeKernel
  api=4 insize=7021 outsize=3038 ok=1
Cmd: preprocess
  insize=42025 outsize=610 ok=1
Cmd: preprocessCompute
  insize=6112 outsize=6114 ok=1
Cmd: preprocessCompute
  insize=6868 outsize=6870 ok=1
Cmd: preprocessCompute
  insize=7896 outsize=7898 ok=1
Cmd: preprocess
  insize=40068 outsize=611 ok=1
Cmd: preprocessCompute
  insize=6789 outsize=6791 ok=1
Cmd: preprocessCompute
  insize=6140 outsize=6142 ok=1
Cmd: preprocess
  insize=41542 outsize=610 ok=1
Cmd: preprocessCompute
  insize=7020 outsize=7022 ok=1
Cmd: preprocess
  insize=42025 outsize=610 ok=1
Cmd: preprocessCompute
  insize=6112 outsize=6114 ok=1
Cmd: preprocessCompute
  insize=6868 outsize=6870 ok=1
Cmd: preprocessCompute
  insize=7896 outsize=7898 ok=1
Cmd: preprocess
  insize=40068 outsize=611 ok=1
Cmd: preprocessCompute
  insize=6789 outsize=6791 ok=1
Cmd: preprocessCompute
  insize=6140 outsize=6142 ok=1
Cmd: preprocess
  insize=41542 outsize=610 ok=1
Cmd: preprocessCompute
  insize=7020 outsize=7022 ok=1
Cmd: preprocess
  insize=42025 outsize=610 ok=1
Cmd: preprocessCompute
  insize=6112 outsize=6114 ok=1
Cmd: preprocessCompute
  insize=6822 outsize=6824 ok=1
Cmd: preprocessCompute
  insize=7954 outsize=7956 ok=1
Cmd: preprocess
  insize=40124 outsize=610 ok=1
Cmd: preprocessCompute
  insize=6701 outsize=6703 ok=1
Cmd: preprocessCompute
  insize=6205 outsize=6207 ok=1
Cmd: preprocess
  insize=41578 outsize=611 ok=1
Cmd: preprocessCompute
  insize=6935 outsize=6937 ok=1
Cmd: preprocess
  insize=42088 outsize=610 ok=1
Cmd: preprocessCompute
  insize=6177 outsize=6179 ok=1
Cmd: preprocessCompute
  insize=6822 outsize=6824 ok=1
Cmd: preprocessCompute
  insize=7954 outsize=7956 ok=1
Cmd: preprocess
  insize=40124 outsize=610 ok=1
Cmd: preprocessCompute
  insize=6701 outsize=6703 ok=1
Cmd: preprocessCompute
  insize=6205 outsize=6207 ok=1
Cmd: preprocess
  insize=41578 outsize=611 ok=1
Cmd: preprocessCompute
  insize=6935 outsize=6937 ok=1
Cmd: preprocess
  insize=42088 outsize=610 ok=1
Cmd: preprocessCompute
  insize=6177 outsize=6179 ok=1
Cmd: preprocessCompute
  insize=6822 outsize=6824 ok=1
Cmd: preprocessCompute
  insize=7954 outsize=7956 ok=1
Cmd: preprocess
  insize=40124 outsize=610 ok=1
Cmd: preprocessCompute
  insize=6701 outsize=6703 ok=1
Cmd: preprocessCompute
  insize=6205 outsize=6207 ok=1
Cmd: preprocess
  insize=41578 outsize=611 ok=1
Cmd: preprocessCompute
  insize=6935 outsize=6937 ok=1
Cmd: preprocess
  insize=42088 outsize=610 ok=1
Cmd: preprocessCompute
  insize=6177 outsize=6179 ok=1
